Running script...
Downloading and preparing dataset csv/default to /zhome/13/1/137970/.cache/huggingface/datasets/csv/default-77049bc2476e2cee/0.0.0/6b34fb8fcf56f7c8ba51dc895bfa2bfbe43546f190a60fcf74bb5e8afdcc2317...
Dataset csv downloaded and prepared to /zhome/13/1/137970/.cache/huggingface/datasets/csv/default-77049bc2476e2cee/0.0.0/6b34fb8fcf56f7c8ba51dc895bfa2bfbe43546f190a60fcf74bb5e8afdcc2317. Subsequent calls will reuse this data.
created trainer
{'loss': 0.5973, 'learning_rate': 4.6413199426111907e-05, 'epoch': 0.72}
{'eval_loss': 0.5885068774223328, 'eval_accuracy': 0.6618834080717488, 'eval_runtime': 17.8442, 'eval_samples_per_second': 62.485, 'eval_steps_per_second': 7.846, 'epoch': 1.0}
{'loss': 0.5105, 'learning_rate': 4.282639885222382e-05, 'epoch': 1.43}
{'eval_loss': 0.4836852252483368, 'eval_accuracy': 0.7910313901345292, 'eval_runtime': 23.7163, 'eval_samples_per_second': 47.014, 'eval_steps_per_second': 5.903, 'epoch': 2.0}
{'loss': 0.5025, 'learning_rate': 3.923959827833573e-05, 'epoch': 2.15}
{'loss': 0.4745, 'learning_rate': 3.565279770444763e-05, 'epoch': 2.87}
{'eval_loss': 0.5581250190734863, 'eval_accuracy': 0.7802690582959642, 'eval_runtime': 24.0099, 'eval_samples_per_second': 46.439, 'eval_steps_per_second': 5.831, 'epoch': 3.0}
{'loss': 0.4257, 'learning_rate': 3.2065997130559544e-05, 'epoch': 3.59}
{'eval_loss': 0.6061797142028809, 'eval_accuracy': 0.7847533632286996, 'eval_runtime': 23.7518, 'eval_samples_per_second': 46.944, 'eval_steps_per_second': 5.894, 'epoch': 4.0}
{'loss': 0.3724, 'learning_rate': 2.847919655667145e-05, 'epoch': 4.3}
{'eval_loss': 0.7155516743659973, 'eval_accuracy': 0.7892376681614349, 'eval_runtime': 32.8841, 'eval_samples_per_second': 33.907, 'eval_steps_per_second': 4.257, 'epoch': 5.0}
{'loss': 0.3695, 'learning_rate': 2.489239598278336e-05, 'epoch': 5.02}
{'loss': 0.3016, 'learning_rate': 2.1305595408895266e-05, 'epoch': 5.74}	
{'eval_loss': 0.6957589387893677, 'eval_accuracy': 0.7928251121076233, 'eval_runtime': 32.1083, 'eval_samples_per_second': 34.726, 'eval_steps_per_second': 4.36, 'epoch': 6.0}
{'loss': 0.2856, 'learning_rate': 1.7718794835007174e-05, 'epoch': 6.46}
{'eval_loss': 1.042899250984192, 'eval_accuracy': 0.8, 'eval_runtime': 32.5685, 'eval_samples_per_second': 34.236, 'eval_steps_per_second': 4.299, 'epoch': 7.0}
{'loss': 0.2655, 'learning_rate': 1.4131994261119083e-05, 'epoch': 7.17}
{'loss': 0.2127, 'learning_rate': 1.0545193687230991e-05, 'epoch': 7.89}
{'eval_loss': 1.0528191328048706, 'eval_accuracy': 0.7982062780269058, 'eval_runtime': 23.3182, 'eval_samples_per_second': 47.817, 'eval_steps_per_second': 6.004, 'epoch': 8.0}
{'loss': 0.1674, 'learning_rate': 6.9583931133428985e-06, 'epoch': 8.61}
{'eval_loss': 1.1671799421310425, 'eval_accuracy': 0.7955156950672646, 'eval_runtime': 23.1452, 'eval_samples_per_second': 48.174, 'eval_steps_per_second': 6.049, 'epoch': 9.0}
{'loss': 0.1605, 'learning_rate': 3.3715925394548065e-06, 'epoch': 9.33}
{'eval_loss': 1.2543978691101074, 'eval_accuracy': 0.7937219730941704, 'eval_runtime': 23.5155, 'eval_samples_per_second': 47.416, 'eval_steps_per_second': 5.954, 'epoch': 10.0}
{'train_runtime': 4118.3772, 'train_samples_per_second': 13.53, 'train_steps_per_second': 1.692, 'train_loss': 0.34216770735840546, 'epoch': 10.0}
trained model
saved model
