Running script...
Downloading and preparing dataset csv/default to /zhome/13/1/137970/.cache/huggingface/datasets/csv/default-b1c7150a5d7b3d86/0.0.0/6b34fb8fcf56f7c8ba51dc895bfa2bfbe43546f190a60fcf74bb5e8afdcc2317...
Dataset csv downloaded and prepared to /zhome/13/1/137970/.cache/huggingface/datasets/csv/default-b1c7150a5d7b3d86/0.0.0/6b34fb8fcf56f7c8ba51dc895bfa2bfbe43546f190a60fcf74bb5e8afdcc2317. Subsequent calls will reuse this data.
created trainer
{'loss': 0.4845, 'learning_rate': 4.83288770053476e-05, 'epoch': 0.33}
{'loss': 0.4836, 'learning_rate': 4.665775401069519e-05, 'epoch': 0.67}
{'eval_loss': 0.4986756443977356, 'eval_accuracy': 0.7939824488090264, 'eval_runtime': 25.8848, 'eval_samples_per_second': 92.448, 'eval_steps_per_second': 11.59, 'epoch': 1.0}
{'loss': 0.4971, 'learning_rate': 4.498663101604278e-05, 'epoch': 1.0}
{'loss': 0.4758, 'learning_rate': 4.331550802139038e-05, 'epoch': 1.34}
{'loss': 0.5247, 'learning_rate': 4.164438502673797e-05, 'epoch': 1.67}
{'eval_loss': 0.5527019500732422, 'eval_accuracy': 0.7597158378604263, 'eval_runtime': 25.8453, 'eval_samples_per_second': 92.589, 'eval_steps_per_second': 11.608, 'epoch': 2.0}
{'loss': 0.5583, 'learning_rate': 3.997326203208556e-05, 'epoch': 2.01}
{'loss': 0.5497, 'learning_rate': 3.830213903743316e-05, 'epoch': 2.34}
{'loss': 0.5489, 'learning_rate': 3.6631016042780753e-05, 'epoch': 2.67}
{'eval_loss': 0.5522990226745605, 'eval_accuracy': 0.7597158378604263, 'eval_runtime': 25.851, 'eval_samples_per_second': 92.569, 'eval_steps_per_second': 11.605, 'epoch': 3.0}
{'loss': 0.5449, 'learning_rate': 3.495989304812834e-05, 'epoch': 3.01}
{'loss': 0.5567, 'learning_rate': 3.328877005347594e-05, 'epoch': 3.34}
{'loss': 0.5472, 'learning_rate': 3.161764705882353e-05, 'epoch': 3.68}
{'eval_loss': 0.5514162182807922, 'eval_accuracy': 0.7597158378604263, 'eval_runtime': 25.8523, 'eval_samples_per_second': 92.564, 'eval_steps_per_second': 11.604, 'epoch': 4.0}
{'loss': 0.5399, 'learning_rate': 2.9946524064171122e-05, 'epoch': 4.01}
{'loss': 0.5551, 'learning_rate': 2.827540106951872e-05, 'epoch': 4.34}
{'loss': 0.549, 'learning_rate': 2.6604278074866313e-05, 'epoch': 4.68}
{'eval_loss': 0.5526500344276428, 'eval_accuracy': 0.7597158378604263, 'eval_runtime': 26.2585, 'eval_samples_per_second': 91.133, 'eval_steps_per_second': 11.425, 'epoch': 5.0}
{'loss': 0.5425, 'learning_rate': 2.4933155080213906e-05, 'epoch': 5.01}
{'loss': 0.5475, 'learning_rate': 2.32620320855615e-05, 'epoch': 5.35}
{'loss': 0.5568, 'learning_rate': 2.1590909090909093e-05, 'epoch': 5.68}
{'eval_loss': 0.5601022243499756, 'eval_accuracy': 0.7597158378604263, 'eval_runtime': 26.4664, 'eval_samples_per_second': 90.417, 'eval_steps_per_second': 11.335, 'epoch': 6.0}
{'loss': 0.5295, 'learning_rate': 1.9919786096256686e-05, 'epoch': 6.02}
{'loss': 0.5548, 'learning_rate': 1.824866310160428e-05, 'epoch': 6.35}
{'loss': 0.5433, 'learning_rate': 1.6577540106951873e-05, 'epoch': 6.68}
{'eval_loss': 0.5563970804214478, 'eval_accuracy': 0.7597158378604263, 'eval_runtime': 25.8206, 'eval_samples_per_second': 92.678, 'eval_steps_per_second': 11.619, 'epoch': 7.0}
{'loss': 0.5388, 'learning_rate': 1.4906417112299467e-05, 'epoch': 7.02}
{'loss': 0.536, 'learning_rate': 1.323529411764706e-05, 'epoch': 7.35}
{'loss': 0.5535, 'learning_rate': 1.1564171122994653e-05, 'epoch': 7.69}
{'eval_loss': 0.5514928698539734, 'eval_accuracy': 0.7597158378604263, 'eval_runtime': 25.8606, 'eval_samples_per_second': 92.535, 'eval_steps_per_second': 11.601, 'epoch': 8.0}
{'loss': 0.5506, 'learning_rate': 9.893048128342247e-06, 'epoch': 8.02}
{'loss': 0.5498, 'learning_rate': 8.22192513368984e-06, 'epoch': 8.36}
{'loss': 0.5339, 'learning_rate': 6.550802139037433e-06, 'epoch': 8.69}
{'eval_loss': 0.551766037940979, 'eval_accuracy': 0.7597158378604263, 'eval_runtime': 26.0617, 'eval_samples_per_second': 91.821, 'eval_steps_per_second': 11.511, 'epoch': 9.0}
{'loss': 0.5506, 'learning_rate': 4.879679144385027e-06, 'epoch': 9.02}
{'loss': 0.5429, 'learning_rate': 3.208556149732621e-06, 'epoch': 9.36}
{'loss': 0.5485, 'learning_rate': 1.537433155080214e-06, 'epoch': 9.69}
{'eval_loss': 0.5523801445960999, 'eval_accuracy': 0.7597158378604263, 'eval_runtime': 25.8173, 'eval_samples_per_second': 92.69, 'eval_steps_per_second': 11.62, 'epoch': 10.0}
{'train_runtime': 4460.3937, 'train_samples_per_second': 26.829, 'train_steps_per_second': 3.354, 'train_loss': 0.5378254283558238, 'epoch': 10.0}
trained model
saved model
